  CAnimation.cpp
D:\Dragonball_Shooting\Shoting\CAnimation.cpp(12,22): warning C4244: '인수': 'float'에서 'int'(으)로 변환하면서 데이터가 손실될 수 있습니다.
D:\Dragonball_Shooting\Shoting\CAnimation.cpp(12,17): warning C4244: '인수': 'float'에서 'int'(으)로 변환하면서 데이터가 손실될 수 있습니다.
D:\Dragonball_Shooting\Shoting\CAnimation.cpp(19,22): warning C4244: '인수': 'float'에서 'int'(으)로 변환하면서 데이터가 손실될 수 있습니다.
D:\Dragonball_Shooting\Shoting\CAnimation.cpp(19,17): warning C4244: '인수': 'float'에서 'int'(으)로 변환하면서 데이터가 손실될 수 있습니다.
D:\Dragonball_Shooting\Shoting\CAnimation.cpp(27,22): warning C4244: '인수': 'float'에서 'int'(으)로 변환하면서 데이터가 손실될 수 있습니다.
D:\Dragonball_Shooting\Shoting\CAnimation.cpp(27,17): warning C4244: '인수': 'float'에서 'int'(으)로 변환하면서 데이터가 손실될 수 있습니다.
  CBMP.cpp
  CBoss.cpp
D:\Dragonball_Shooting\Shoting\CBoss.cpp(77,15): warning C4244: '=': 'int'에서 'float'(으)로 변환하면서 데이터가 손실될 수 있습니다.
D:\Dragonball_Shooting\Shoting\CBoss.cpp(121,22): warning C4244: '인수': 'float'에서 'int'(으)로 변환하면서 데이터가 손실될 수 있습니다.
D:\Dragonball_Shooting\Shoting\CBoss.cpp(121,17): warning C4244: '인수': 'float'에서 'int'(으)로 변환하면서 데이터가 손실될 수 있습니다.
D:\Dragonball_Shooting\Shoting\CBoss.cpp(125,27): warning C4244: '인수': 'float'에서 'int'(으)로 변환하면서 데이터가 손실될 수 있습니다.
D:\Dragonball_Shooting\Shoting\CBoss.cpp(125,22): warning C4244: '인수': 'float'에서 'int'(으)로 변환하면서 데이터가 손실될 수 있습니다.
D:\Dragonball_Shooting\Shoting\CBoss.cpp(175,22): warning C4244: '인수': 'float'에서 'int'(으)로 변환하면서 데이터가 손실될 수 있습니다.
D:\Dragonball_Shooting\Shoting\CBoss.cpp(175,17): warning C4244: '인수': 'float'에서 'int'(으)로 변환하면서 데이터가 손실될 수 있습니다.
  CEnemy.cpp
D:\Dragonball_Shooting\Shoting\CEnemy.cpp(45,22): warning C4244: '인수': 'float'에서 'int'(으)로 변환하면서 데이터가 손실될 수 있습니다.
D:\Dragonball_Shooting\Shoting\CEnemy.cpp(45,17): warning C4244: '인수': 'float'에서 'int'(으)로 변환하면서 데이터가 손실될 수 있습니다.
D:\Dragonball_Shooting\Shoting\CEnemy.cpp(80,22): warning C4244: '인수': 'float'에서 'int'(으)로 변환하면서 데이터가 손실될 수 있습니다.
D:\Dragonball_Shooting\Shoting\CEnemy.cpp(80,17): warning C4244: '인수': 'float'에서 'int'(으)로 변환하면서 데이터가 손실될 수 있습니다.
  CExploding.cpp
D:\Dragonball_Shooting\Shoting\CExploding.cpp(13,22): warning C4244: '인수': 'float'에서 'int'(으)로 변환하면서 데이터가 손실될 수 있습니다.
D:\Dragonball_Shooting\Shoting\CExploding.cpp(13,17): warning C4244: '인수': 'float'에서 'int'(으)로 변환하면서 데이터가 손실될 수 있습니다.
  CGObject.cpp
D:\Dragonball_Shooting\Shoting\CGObject.cpp(16,8): warning C4244: '=': 'int'에서 'float'(으)로 변환하면서 데이터가 손실될 수 있습니다.
D:\Dragonball_Shooting\Shoting\CGObject.cpp(17,8): warning C4244: '=': 'int'에서 'float'(으)로 변환하면서 데이터가 손실될 수 있습니다.
D:\Dragonball_Shooting\Shoting\CGObject.cpp(38,43): warning C4244: '인수': 'float'에서 'int'(으)로 변환하면서 데이터가 손실될 수 있습니다.
D:\Dragonball_Shooting\Shoting\CGObject.cpp(38,38): warning C4244: '인수': 'float'에서 'int'(으)로 변환하면서 데이터가 손실될 수 있습니다.
D:\Dragonball_Shooting\Shoting\CGObject.cpp(46,43): warning C4244: '인수': 'float'에서 'int'(으)로 변환하면서 데이터가 손실될 수 있습니다.
D:\Dragonball_Shooting\Shoting\CGObject.cpp(46,38): warning C4244: '인수': 'float'에서 'int'(으)로 변환하면서 데이터가 손실될 수 있습니다.
D:\Dragonball_Shooting\Shoting\CGObject.cpp(57,34): warning C4244: '인수': 'float'에서 'int'(으)로 변환하면서 데이터가 손실될 수 있습니다.
D:\Dragonball_Shooting\Shoting\CGObject.cpp(57,29): warning C4244: '인수': 'float'에서 'int'(으)로 변환하면서 데이터가 손실될 수 있습니다.
D:\Dragonball_Shooting\Shoting\CGObject.cpp(61,9): warning C4244: 'return': 'float'에서 'int'(으)로 변환하면서 데이터가 손실될 수 있습니다.
D:\Dragonball_Shooting\Shoting\CGObject.cpp(65,9): warning C4244: 'return': 'float'에서 'int'(으)로 변환하면서 데이터가 손실될 수 있습니다.
  CRandom.cpp
  CSprite.cpp
  CTime.cpp
  Dsutil.cpp
D:\Dragonball_Shooting\Shoting\Dsutil.cpp(347,2): warning C4244: '인수': 'float'에서 'LONG'(으)로 변환하면서 데이터가 손실될 수 있습니다.
  gamemain.cpp
  C:\Program Files (x86)\Windows Kits\10\Include\10.0.19041.0\um\dinput.h: DIRECTINPUT_VERSION undefined. Defaulting to version 0x0800
  initDirectX.cpp
  C:\Program Files (x86)\Windows Kits\10\Include\10.0.19041.0\um\dinput.h: DIRECTINPUT_VERSION undefined. Defaulting to version 0x0800
  item.cpp
D:\Dragonball_Shooting\Shoting\item.cpp(63,26): warning C4244: '인수': 'float'에서 'int'(으)로 변환하면서 데이터가 손실될 수 있습니다.
D:\Dragonball_Shooting\Shoting\item.cpp(63,21): warning C4244: '인수': 'float'에서 'int'(으)로 변환하면서 데이터가 손실될 수 있습니다.
  main.cpp
  C:\Program Files (x86)\Windows Kits\10\Include\10.0.19041.0\um\dinput.h: DIRECTINPUT_VERSION undefined. Defaulting to version 0x0800
D:\Dragonball_Shooting\Shoting\main.cpp(135,39): warning C4302: '형식 캐스트': 'LPSTR'에서 'WORD'(으)로 잘립니다.
D:\Dragonball_Shooting\Shoting\main.cpp(140,41): warning C4302: '형식 캐스트': 'LPSTR'에서 'WORD'(으)로 잘립니다.
  mymissile.cpp
D:\Dragonball_Shooting\Shoting\mymissile.cpp(33,22): warning C4244: '인수': 'float'에서 'int'(으)로 변환하면서 데이터가 손실될 수 있습니다.
D:\Dragonball_Shooting\Shoting\mymissile.cpp(33,17): warning C4244: '인수': 'float'에서 'int'(으)로 변환하면서 데이터가 손실될 수 있습니다.
  myship.cpp
D:\Dragonball_Shooting\Shoting\myship.cpp(73,27): warning C4244: '인수': 'float'에서 'int'(으)로 변환하면서 데이터가 손실될 수 있습니다.
D:\Dragonball_Shooting\Shoting\myship.cpp(73,22): warning C4244: '인수': 'float'에서 'int'(으)로 변환하면서 데이터가 손실될 수 있습니다.
  코드를 생성하고 있습니다...
  Shoting.vcxproj -> D:\Dragonball_Shooting\x64\Debug\Shoting.exe
